[20:26:12] [main/INFO] [LaunchWrapper]: Loading tweak class name net.minecraftforge.fml.common.launcher.FMLServerTweaker
[20:26:12] [main/INFO] [LaunchWrapper]: Using primary tweak class name net.minecraftforge.fml.common.launcher.FMLServerTweaker
[20:26:12] [main/INFO] [LaunchWrapper]: Calling tweak class net.minecraftforge.fml.common.launcher.FMLServerTweaker
[20:26:12] [main/DEBUG] [FML]: Injecting tracing printstreams for STDOUT/STDERR.
[20:26:12] [main/INFO] [FML]: Forge Mod Loader version 14.23.5.2854 for Minecraft 1.12.2 loading
[20:26:12] [main/INFO] [FML]: Java is Java HotSpot(TM) 64-Bit Server VM, version 1.8.0_301, running on Windows 10:amd64:10.0, installed at C:\Program Files\Java\jre1.8.0_301
[20:26:12] [main/DEBUG] [FML]: Java classpath at launch is:
[20:26:12] [main/DEBUG] [FML]:     C:\Users\AMD\Desktop\DJ2 example server\server\forge-1.12.2-14.23.5.2854.jar
[20:26:12] [main/DEBUG] [FML]: Java library path at launch is:
[20:26:12] [main/DEBUG] [FML]:     C:\Program Files\Java\jre1.8.0_301\bin
[20:26:12] [main/DEBUG] [FML]:     C:\WINDOWS\Sun\Java\bin
[20:26:12] [main/DEBUG] [FML]:     C:\WINDOWS\system32
[20:26:12] [main/DEBUG] [FML]:     C:\WINDOWS
[20:26:12] [main/DEBUG] [FML]:     C:\Program Files (x86)\Common Files\Oracle\Java\javapath
[20:26:12] [main/DEBUG] [FML]:     C:\xpressmp\bin
[20:26:12] [main/DEBUG] [FML]:     C:\xpressmp\workbench
[20:26:12] [main/DEBUG] [FML]:     C:\WINDOWS\system32
[20:26:12] [main/DEBUG] [FML]:     C:\WINDOWS
[20:26:12] [main/DEBUG] [FML]:     C:\WINDOWS\System32\Wbem
[20:26:12] [main/DEBUG] [FML]:     C:\WINDOWS\System32\WindowsPowerShell\v1.0\
[20:26:12] [main/DEBUG] [FML]:     C:\WINDOWS\System32\OpenSSH\
[20:26:12] [main/DEBUG] [FML]:     C:\Program Files (x86)\ATI Technologies\ATI.ACE\Core-Static
[20:26:12] [main/DEBUG] [FML]:     C:\Program Files\Git\cmd
[20:26:12] [main/DEBUG] [FML]:     C:\Users\AMD\anaconda3\OWN\AML\hfst\bin
[20:26:12] [main/DEBUG] [FML]:     C:\Users\AMD\miniconda3
[20:26:12] [main/DEBUG] [FML]:     C:\Users\AMD\miniconda3\Library\mingw-w64\bin
[20:26:12] [main/DEBUG] [FML]:     C:\Users\AMD\miniconda3\Library\usr\bin
[20:26:12] [main/DEBUG] [FML]:     C:\Users\AMD\miniconda3\Library\bin
[20:26:12] [main/DEBUG] [FML]:     C:\Users\AMD\miniconda3\Scripts
[20:26:12] [main/DEBUG] [FML]:     C:\Users\AMD\AppData\Local\Microsoft\WindowsApps
[20:26:12] [main/DEBUG] [FML]:     C:\Users\AMD\AppData\Local\GitHubDesktop\bin
[20:26:12] [main/DEBUG] [FML]:     C:\Users\AMD\AppData\Local\Programs\MiKTeX\miktex\bin\x64\
[20:26:12] [main/DEBUG] [FML]:     
[20:26:12] [main/DEBUG] [FML]:     .
[20:26:12] [main/DEBUG] [FML]: Determined Minecraft Libraries Root: C:\Users\AMD\Desktop\DJ2 example server\server\libraries
[20:26:12] [main/DEBUG] [FML]: Enabling runtime deobfuscation
[20:26:12] [main/DEBUG] [FML]: Instantiating coremod class FMLCorePlugin
[20:26:12] [main/DEBUG] [FML]: Found signing certificates for coremod FMLCorePlugin (net.minecraftforge.fml.relauncher.FMLCorePlugin)
[20:26:12] [main/DEBUG] [FML]: Found certificate e3c3d50c7c986df74c645c0ac54639741c90a557
[20:26:12] [main/DEBUG] [FML]: Added access transformer class net.minecraftforge.fml.common.asm.transformers.AccessTransformer to enqueued access transformers
[20:26:12] [main/DEBUG] [FML]: Enqueued coremod FMLCorePlugin
[20:26:12] [main/DEBUG] [FML]: Instantiating coremod class FMLForgePlugin
[20:26:12] [main/DEBUG] [FML]: Found signing certificates for coremod FMLForgePlugin (net.minecraftforge.classloading.FMLForgePlugin)
[20:26:12] [main/DEBUG] [FML]: Found certificate e3c3d50c7c986df74c645c0ac54639741c90a557
[20:26:12] [main/DEBUG] [FML]: Enqueued coremod FMLForgePlugin
[20:26:12] [main/DEBUG] [FML]: All fundamental core mods are successfully located
[20:26:12] [main/DEBUG] [FML]: Discovering coremods
[20:26:12] [main/INFO] [FML]: Searching C:\Users\AMD\Desktop\DJ2 example server\server\.\mods for mods
[20:26:12] [main/INFO] [LaunchWrapper]: Loading tweak class name net.minecraftforge.fml.common.launcher.FMLInjectionAndSortingTweaker
[20:26:12] [main/INFO] [LaunchWrapper]: Loading tweak class name net.minecraftforge.fml.common.launcher.FMLDeobfTweaker
[20:26:12] [main/INFO] [LaunchWrapper]: Calling tweak class net.minecraftforge.fml.common.launcher.FMLInjectionAndSortingTweaker
[20:26:12] [main/INFO] [LaunchWrapper]: Calling tweak class net.minecraftforge.fml.common.launcher.FMLInjectionAndSortingTweaker
[20:26:12] [main/INFO] [LaunchWrapper]: Calling tweak class net.minecraftforge.fml.relauncher.CoreModManager$FMLPluginWrapper
[20:26:12] [main/DEBUG] [FML]: Injecting coremod FMLCorePlugin \{net.minecraftforge.fml.relauncher.FMLCorePlugin\} class transformers
[20:26:12] [main/TRACE] [FML]: Registering transformer net.minecraftforge.fml.common.asm.transformers.SideTransformer
[20:26:12] [main/TRACE] [FML]: Registering transformer net.minecraftforge.fml.common.asm.transformers.EventSubscriptionTransformer
[20:26:12] [main/TRACE] [FML]: Registering transformer net.minecraftforge.fml.common.asm.transformers.EventSubscriberTransformer
[20:26:12] [main/TRACE] [FML]: Registering transformer net.minecraftforge.fml.common.asm.transformers.SoundEngineFixTransformer
[20:26:12] [main/DEBUG] [FML]: Injection complete
[20:26:12] [main/DEBUG] [FML]: Running coremod plugin for FMLCorePlugin \{net.minecraftforge.fml.relauncher.FMLCorePlugin\}
[20:26:12] [main/DEBUG] [FML]: Running coremod plugin FMLCorePlugin
[20:26:13] [main/DEBUG] [FML]: Read 1154 binary patches
[20:26:14] [main/DEBUG] [FML]: Loading deobfuscation resource /deobfuscation_data-1.12.2.lzma with 36076 records
[20:26:14] [main/INFO] [FML]: Found valid fingerprint for Minecraft Forge. Certificate fingerprint e3c3d50c7c986df74c645c0ac54639741c90a557
[20:26:14] [main/DEBUG] [FML]: Coremod plugin class FMLCorePlugin run successfully
[20:26:14] [main/INFO] [LaunchWrapper]: Calling tweak class net.minecraftforge.fml.relauncher.CoreModManager$FMLPluginWrapper
[20:26:14] [main/DEBUG] [FML]: Injecting coremod FMLForgePlugin \{net.minecraftforge.classloading.FMLForgePlugin\} class transformers
[20:26:14] [main/DEBUG] [FML]: Injection complete
[20:26:14] [main/DEBUG] [FML]: Running coremod plugin for FMLForgePlugin \{net.minecraftforge.classloading.FMLForgePlugin\}
[20:26:14] [main/DEBUG] [FML]: Running coremod plugin FMLForgePlugin
[20:26:14] [main/DEBUG] [FML]: Coremod plugin class FMLForgePlugin run successfully
[20:26:14] [main/INFO] [LaunchWrapper]: Calling tweak class net.minecraftforge.fml.common.launcher.FMLDeobfTweaker
[20:26:14] [main/DEBUG] [FML]: Loaded 215 rules from AccessTransformer config file forge_at.cfg
[20:26:14] [main/DEBUG] [FML]: Validating minecraft
[20:26:15] [main/DEBUG] [FML]: Minecraft validated, launching...
[20:26:15] [main/INFO] [LaunchWrapper]: Loading tweak class name net.minecraftforge.fml.common.launcher.TerminalTweaker
[20:26:15] [main/INFO] [LaunchWrapper]: Calling tweak class net.minecraftforge.fml.common.launcher.TerminalTweaker
[20:26:15] [main/INFO] [LaunchWrapper]: Launching wrapped minecraft {net.minecraft.server.MinecraftServer}
[20:26:15] [main/WARN] [net.minecraft.server.ServerEula]: Failed to load eula.txt
[20:26:15] [main/INFO] [net.minecraft.server.MinecraftServer]: You need to agree to the EULA in order to run the server. Go to eula.txt for more info.
